2023-05-02T15:27:22.672+0530 INFO HV000001: Hibernate Validator 6.2.5.Final
2023-05-02T15:27:22.715+0530 INFO Starting SpringbootCandidateRestApiApplication using Java 18.0.2.1 on LAPTOP-N196HUC7 with PID 25452 (C:\Spring\SpringBoot\springboot-candidate-rest-api\target\classes started by kirub in C:\Spring\SpringBoot\springboot-candidate-rest-api)
2023-05-02T15:27:22.719+0530 INFO No active profile set, falling back to 1 default profile: "default"
2023-05-02T15:27:22.784+0530 INFO The Class-Path manifest attribute in C:\Users\kirub\.m2\repository\com\oracle\database\jdbc\ojdbc8\21.5.0.0\ojdbc8-21.5.0.0.jar referenced one or more files that do not exist: file:/C:/Users/kirub/.m2/repository/com/oracle/database/jdbc/ojdbc8/21.5.0.0/oraclepki.jar
2023-05-02T15:27:22.785+0530 INFO Devtools property defaults active! Set 'spring.devtools.add-properties' to 'false' to disable
2023-05-02T15:27:22.786+0530 INFO For additional web related logging consider setting the 'logging.level.web' property to 'DEBUG'
2023-05-02T15:27:23.973+0530 INFO Bootstrapping Spring Data JPA repositories in DEFAULT mode.
2023-05-02T15:27:24.049+0530 INFO Finished Spring Data repository scanning in 64 ms. Found 2 JPA repository interfaces.
2023-05-02T15:27:24.787+0530 INFO Tomcat initialized with port(s): 9013 (http)
2023-05-02T15:27:24.798+0530 INFO Initializing ProtocolHandler ["http-nio-9013"]
2023-05-02T15:27:24.982+0530 INFO Starting service [Tomcat]
2023-05-02T15:27:24.982+0530 INFO Starting Servlet engine: [Apache Tomcat/9.0.73]
2023-05-02T15:27:25.096+0530 INFO Initializing Spring embedded WebApplicationContext
2023-05-02T15:27:25.097+0530 INFO Root WebApplicationContext: initialization completed in 2310 ms
2023-05-02T15:27:25.309+0530 INFO HHH000204: Processing PersistenceUnitInfo [name: default]
2023-05-02T15:27:25.360+0530 INFO HHH000412: Hibernate ORM core version 5.6.15.Final
2023-05-02T15:27:25.585+0530 INFO HCANN000001: Hibernate Commons Annotations {5.1.2.Final}
2023-05-02T15:27:25.685+0530 INFO HikariPool-1 - Starting...
2023-05-02T15:27:25.906+0530 INFO HikariPool-1 - Start completed.
2023-05-02T15:27:25.925+0530 INFO HHH000400: Using dialect: org.hibernate.dialect.OracleDialect
2023-05-02T15:27:25.940+0530 WARN HHH000063: The Oracle9Dialect dialect has been deprecated; use either Oracle9iDialect or Oracle10gDialect instead
2023-05-02T15:27:25.942+0530 WARN HHH000064: The OracleDialect dialect has been deprecated; use Oracle8iDialect instead
2023-05-02T15:27:27.150+0530 INFO HHH000490: Using JtaPlatform implementation: [org.hibernate.engine.transaction.jta.platform.internal.NoJtaPlatform]
2023-05-02T15:27:27.165+0530 INFO Initialized JPA EntityManagerFactory for persistence unit 'default'
2023-05-02T15:27:27.921+0530 WARN spring.jpa.open-in-view is enabled by default. Therefore, database queries may be performed during view rendering. Explicitly configure spring.jpa.open-in-view to disable this warning
2023-05-02T15:27:28.207+0530 INFO LiveReload server is running on port 35729
2023-05-02T15:27:28.479+0530 INFO Starting ProtocolHandler ["http-nio-9013"]
2023-05-02T15:27:28.511+0530 INFO Tomcat started on port(s): 9013 (http) with context path ''
2023-05-02T15:27:28.947+0530 INFO Started SpringbootCandidateRestApiApplication in 6.85 seconds (JVM running for 8.864)
2023-05-02T15:28:04.143+0530 INFO Initializing Spring DispatcherServlet 'dispatcherServlet'
2023-05-02T15:28:04.143+0530 INFO Initializing Servlet 'dispatcherServlet'
2023-05-02T15:28:04.145+0530 INFO Completed initialization in 1 ms
2023-05-02T15:28:04.165+0530 INFO Logging for get all candidate method
2023-05-02T15:28:17.188+0530 WARN Resolved [com.springboot.candidate.exception.ResourceNotFoundException: Employee not found with id : '13']
2023-05-02T15:30:57.764+0530 INFO Application shutdown requested.
2023-05-02T15:30:57.776+0530 INFO Pausing ProtocolHandler ["http-nio-9013"]
2023-05-02T15:30:57.776+0530 INFO Stopping service [Tomcat]
2023-05-02T15:30:57.776+0530 INFO Destroying Spring FrameworkServlet 'dispatcherServlet'
2023-05-02T15:30:57.779+0530 INFO Stopping ProtocolHandler ["http-nio-9013"]
2023-05-02T15:30:57.781+0530 INFO Destroying ProtocolHandler ["http-nio-9013"]
2023-05-02T15:30:57.786+0530 INFO Closing JPA EntityManagerFactory for persistence unit 'default'
2023-05-02T15:30:57.788+0530 INFO HikariPool-1 - Shutdown initiated...
2023-05-02T15:30:57.795+0530 INFO HikariPool-1 - Shutdown completed.
2023-05-07T17:20:03.595+0530 INFO HV000001: Hibernate Validator 6.2.5.Final
2023-05-07T17:20:03.628+0530 INFO Starting SpringbootCandidateRestApiApplication using Java 1.8.0_341 on LAPTOP-N196HUC7 with PID 20572 (C:\Users\kirub\git\repository\springboot-candidate-rest-api\target\classes started by kirub in C:\Users\kirub\git\repository\springboot-candidate-rest-api)
2023-05-07T17:20:03.632+0530 INFO No active profile set, falling back to 1 default profile: "default"
2023-05-07T17:20:03.725+0530 INFO The Class-Path manifest attribute in C:\Users\kirub\.m2\repository\com\oracle\database\jdbc\ojdbc8\21.5.0.0\ojdbc8-21.5.0.0.jar referenced one or more files that do not exist: file:/C:/Users/kirub/.m2/repository/com/oracle/database/jdbc/ojdbc8/21.5.0.0/oraclepki.jar
2023-05-07T17:20:03.725+0530 INFO Devtools property defaults active! Set 'spring.devtools.add-properties' to 'false' to disable
2023-05-07T17:20:03.726+0530 INFO For additional web related logging consider setting the 'logging.level.web' property to 'DEBUG'
2023-05-07T17:20:04.563+0530 INFO Bootstrapping Spring Data JPA repositories in DEFAULT mode.
2023-05-07T17:20:04.620+0530 INFO Finished Spring Data repository scanning in 48 ms. Found 2 JPA repository interfaces.
2023-05-07T17:20:05.266+0530 INFO Tomcat initialized with port(s): 9013 (http)
2023-05-07T17:20:05.273+0530 INFO Initializing ProtocolHandler ["http-nio-9013"]
2023-05-07T17:20:05.644+0530 INFO Starting service [Tomcat]
2023-05-07T17:20:05.644+0530 INFO Starting Servlet engine: [Apache Tomcat/9.0.73]
2023-05-07T17:20:05.718+0530 INFO Initializing Spring embedded WebApplicationContext
2023-05-07T17:20:05.719+0530 INFO Root WebApplicationContext: initialization completed in 1993 ms
2023-05-07T17:20:05.832+0530 INFO HHH000204: Processing PersistenceUnitInfo [name: default]
2023-05-07T17:20:05.873+0530 INFO HHH000412: Hibernate ORM core version 5.6.15.Final
2023-05-07T17:20:05.991+0530 INFO HCANN000001: Hibernate Commons Annotations {5.1.2.Final}
2023-05-07T17:20:06.076+0530 INFO HikariPool-1 - Starting...
2023-05-07T17:20:06.077+0530 WARN Registered driver with driverClassName=oracle.jdbc.OracleDriver was not found, trying direct instantiation.
2023-05-07T17:20:06.180+0530 INFO HikariPool-1 - Driver does not support get/set network timeout for connections. (oracle.jdbc.driver.T4CConnection.getNetworkTimeout()I)
2023-05-07T17:20:06.183+0530 ERROR HikariPool-1 - Failed to execute isValid() for connection, configure connection test query (oracle.jdbc.driver.T4CConnection.isValid(I)Z).
2023-05-07T17:20:06.185+0530 WARN Exception encountered during context initialization - cancelling refresh attempt: org.springframework.beans.factory.BeanCreationException: Error creating bean with name 'entityManagerFactory' defined in class path resource [org/springframework/boot/autoconfigure/orm/jpa/HibernateJpaConfiguration.class]: Invocation of init method failed; nested exception is java.lang.AbstractMethodError: oracle.jdbc.driver.T4CConnection.isValid(I)Z
2023-05-07T17:20:06.188+0530 INFO Stopping service [Tomcat]
2023-05-07T17:20:06.198+0530 INFO 

Error starting ApplicationContext. To display the conditions report re-run your application with 'debug' enabled.
2023-05-07T17:20:06.220+0530 ERROR Application run failed
org.springframework.beans.factory.BeanCreationException: Error creating bean with name 'entityManagerFactory' defined in class path resource [org/springframework/boot/autoconfigure/orm/jpa/HibernateJpaConfiguration.class]: Invocation of init method failed; nested exception is java.lang.AbstractMethodError: oracle.jdbc.driver.T4CConnection.isValid(I)Z
	at org.springframework.beans.factory.support.AbstractAutowireCapableBeanFactory.initializeBean(AbstractAutowireCapableBeanFactory.java:1804) ~[spring-beans-5.3.26.jar:5.3.26]
	at org.springframework.beans.factory.support.AbstractAutowireCapableBeanFactory.doCreateBean(AbstractAutowireCapableBeanFactory.java:620) ~[spring-beans-5.3.26.jar:5.3.26]
	at org.springframework.beans.factory.support.AbstractAutowireCapableBeanFactory.createBean(AbstractAutowireCapableBeanFactory.java:542) ~[spring-beans-5.3.26.jar:5.3.26]
	at org.springframework.beans.factory.support.AbstractBeanFactory.lambda$doGetBean$0(AbstractBeanFactory.java:335) ~[spring-beans-5.3.26.jar:5.3.26]
	at org.springframework.beans.factory.support.DefaultSingletonBeanRegistry.getSingleton(DefaultSingletonBeanRegistry.java:234) ~[spring-beans-5.3.26.jar:5.3.26]
	at org.springframework.beans.factory.support.AbstractBeanFactory.doGetBean(AbstractBeanFactory.java:333) ~[spring-beans-5.3.26.jar:5.3.26]
	at org.springframework.beans.factory.support.AbstractBeanFactory.getBean(AbstractBeanFactory.java:208) ~[spring-beans-5.3.26.jar:5.3.26]
	at org.springframework.context.support.AbstractApplicationContext.getBean(AbstractApplicationContext.java:1156) ~[spring-context-5.3.26.jar:5.3.26]
	at org.springframework.context.support.AbstractApplicationContext.finishBeanFactoryInitialization(AbstractApplicationContext.java:910) ~[spring-context-5.3.26.jar:5.3.26]
	at org.springframework.context.support.AbstractApplicationContext.refresh(AbstractApplicationContext.java:583) ~[spring-context-5.3.26.jar:5.3.26]
	at org.springframework.boot.web.servlet.context.ServletWebServerApplicationContext.refresh(ServletWebServerApplicationContext.java:147) ~[spring-boot-2.7.10.jar:2.7.10]
	at org.springframework.boot.SpringApplication.refresh(SpringApplication.java:731) ~[spring-boot-2.7.10.jar:2.7.10]
	at org.springframework.boot.SpringApplication.refreshContext(SpringApplication.java:408) ~[spring-boot-2.7.10.jar:2.7.10]
	at org.springframework.boot.SpringApplication.run(SpringApplication.java:307) ~[spring-boot-2.7.10.jar:2.7.10]
	at org.springframework.boot.SpringApplication.run(SpringApplication.java:1303) ~[spring-boot-2.7.10.jar:2.7.10]
	at org.springframework.boot.SpringApplication.run(SpringApplication.java:1292) ~[spring-boot-2.7.10.jar:2.7.10]
	at com.springboot.candidate.SpringbootCandidateRestApiApplication.main(SpringbootCandidateRestApiApplication.java:20) ~[classes/:?]
	at sun.reflect.NativeMethodAccessorImpl.invoke0(Native Method) ~[?:1.8.0_341]
	at sun.reflect.NativeMethodAccessorImpl.invoke(Unknown Source) ~[?:1.8.0_341]
	at sun.reflect.DelegatingMethodAccessorImpl.invoke(Unknown Source) ~[?:1.8.0_341]
	at java.lang.reflect.Method.invoke(Unknown Source) ~[?:1.8.0_341]
	at org.springframework.boot.devtools.restart.RestartLauncher.run(RestartLauncher.java:49) ~[spring-boot-devtools-2.7.10.jar:2.7.10]
Caused by: java.lang.AbstractMethodError: oracle.jdbc.driver.T4CConnection.isValid(I)Z
	at com.zaxxer.hikari.pool.PoolBase.checkValidationSupport(PoolBase.java:464) ~[HikariCP-4.0.3.jar:?]
	at com.zaxxer.hikari.pool.PoolBase.checkDriverSupport(PoolBase.java:447) ~[HikariCP-4.0.3.jar:?]
	at com.zaxxer.hikari.pool.PoolBase.setupConnection(PoolBase.java:416) ~[HikariCP-4.0.3.jar:?]
	at com.zaxxer.hikari.pool.PoolBase.newConnection(PoolBase.java:369) ~[HikariCP-4.0.3.jar:?]
	at com.zaxxer.hikari.pool.PoolBase.newPoolEntry(PoolBase.java:206) ~[HikariCP-4.0.3.jar:?]
	at com.zaxxer.hikari.pool.HikariPool.createPoolEntry(HikariPool.java:476) ~[HikariCP-4.0.3.jar:?]
	at com.zaxxer.hikari.pool.HikariPool.checkFailFast(HikariPool.java:561) ~[HikariCP-4.0.3.jar:?]
	at com.zaxxer.hikari.pool.HikariPool.<init>(HikariPool.java:115) ~[HikariCP-4.0.3.jar:?]
	at com.zaxxer.hikari.HikariDataSource.getConnection(HikariDataSource.java:112) ~[HikariCP-4.0.3.jar:?]
	at org.hibernate.engine.jdbc.connections.internal.DatasourceConnectionProviderImpl.getConnection(DatasourceConnectionProviderImpl.java:122) ~[hibernate-core-5.6.15.Final.jar:5.6.15.Final]
	at org.hibernate.engine.jdbc.env.internal.JdbcEnvironmentInitiator$ConnectionProviderJdbcConnectionAccess.obtainConnection(JdbcEnvironmentInitiator.java:181) ~[hibernate-core-5.6.15.Final.jar:5.6.15.Final]
	at org.hibernate.engine.jdbc.env.internal.JdbcEnvironmentInitiator.initiateService(JdbcEnvironmentInitiator.java:68) ~[hibernate-core-5.6.15.Final.jar:5.6.15.Final]
	at org.hibernate.engine.jdbc.env.internal.JdbcEnvironmentInitiator.initiateService(JdbcEnvironmentInitiator.java:35) ~[hibernate-core-5.6.15.Final.jar:5.6.15.Final]
	at org.hibernate.boot.registry.internal.StandardServiceRegistryImpl.initiateService(StandardServiceRegistryImpl.java:101) ~[hibernate-core-5.6.15.Final.jar:5.6.15.Final]
	at org.hibernate.service.internal.AbstractServiceRegistryImpl.createService(AbstractServiceRegistryImpl.java:272) ~[hibernate-core-5.6.15.Final.jar:5.6.15.Final]
	at org.hibernate.service.internal.AbstractServiceRegistryImpl.initializeService(AbstractServiceRegistryImpl.java:246) ~[hibernate-core-5.6.15.Final.jar:5.6.15.Final]
	at org.hibernate.service.internal.AbstractServiceRegistryImpl.getService(AbstractServiceRegistryImpl.java:223) ~[hibernate-core-5.6.15.Final.jar:5.6.15.Final]
	at org.hibernate.id.factory.internal.DefaultIdentifierGeneratorFactory.injectServices(DefaultIdentifierGeneratorFactory.java:175) ~[hibernate-core-5.6.15.Final.jar:5.6.15.Final]
	at org.hibernate.service.internal.AbstractServiceRegistryImpl.injectDependencies(AbstractServiceRegistryImpl.java:295) ~[hibernate-core-5.6.15.Final.jar:5.6.15.Final]
	at org.hibernate.service.internal.AbstractServiceRegistryImpl.initializeService(AbstractServiceRegistryImpl.java:252) ~[hibernate-core-5.6.15.Final.jar:5.6.15.Final]
	at org.hibernate.service.internal.AbstractServiceRegistryImpl.getService(AbstractServiceRegistryImpl.java:223) ~[hibernate-core-5.6.15.Final.jar:5.6.15.Final]
	at org.hibernate.boot.internal.InFlightMetadataCollectorImpl.<init>(InFlightMetadataCollectorImpl.java:173) ~[hibernate-core-5.6.15.Final.jar:5.6.15.Final]
	at org.hibernate.boot.model.process.spi.MetadataBuildingProcess.complete(MetadataBuildingProcess.java:127) ~[hibernate-core-5.6.15.Final.jar:5.6.15.Final]
	at org.hibernate.jpa.boot.internal.EntityManagerFactoryBuilderImpl.metadata(EntityManagerFactoryBuilderImpl.java:1460) ~[hibernate-core-5.6.15.Final.jar:5.6.15.Final]
	at org.hibernate.jpa.boot.internal.EntityManagerFactoryBuilderImpl.build(EntityManagerFactoryBuilderImpl.java:1494) ~[hibernate-core-5.6.15.Final.jar:5.6.15.Final]
	at org.springframework.orm.jpa.vendor.SpringHibernateJpaPersistenceProvider.createContainerEntityManagerFactory(SpringHibernateJpaPersistenceProvider.java:58) ~[spring-orm-5.3.26.jar:5.3.26]
	at org.springframework.orm.jpa.LocalContainerEntityManagerFactoryBean.createNativeEntityManagerFactory(LocalContainerEntityManagerFactoryBean.java:365) ~[spring-orm-5.3.26.jar:5.3.26]
	at org.springframework.orm.jpa.AbstractEntityManagerFactoryBean.buildNativeEntityManagerFactory(AbstractEntityManagerFactoryBean.java:409) ~[spring-orm-5.3.26.jar:5.3.26]
	at org.springframework.orm.jpa.AbstractEntityManagerFactoryBean.afterPropertiesSet(AbstractEntityManagerFactoryBean.java:396) ~[spring-orm-5.3.26.jar:5.3.26]
	at org.springframework.orm.jpa.LocalContainerEntityManagerFactoryBean.afterPropertiesSet(LocalContainerEntityManagerFactoryBean.java:341) ~[spring-orm-5.3.26.jar:5.3.26]
	at org.springframework.beans.factory.support.AbstractAutowireCapableBeanFactory.invokeInitMethods(AbstractAutowireCapableBeanFactory.java:1863) ~[spring-beans-5.3.26.jar:5.3.26]
	at org.springframework.beans.factory.support.AbstractAutowireCapableBeanFactory.initializeBean(AbstractAutowireCapableBeanFactory.java:1800) ~[spring-beans-5.3.26.jar:5.3.26]
	... 21 more
2023-05-07T17:23:05.553+0530 INFO HV000001: Hibernate Validator 6.2.5.Final
2023-05-07T17:23:05.581+0530 INFO Starting SpringbootCandidateRestApiApplication using Java 1.8.0_202 on LAPTOP-N196HUC7 with PID 28496 (C:\Users\kirub\git\repository\springboot-candidate-rest-api\target\classes started by kirub in C:\Users\kirub\git\repository\springboot-candidate-rest-api)
2023-05-07T17:23:05.585+0530 INFO No active profile set, falling back to 1 default profile: "default"
2023-05-07T17:23:05.661+0530 INFO The Class-Path manifest attribute in C:\Users\kirub\.m2\repository\com\oracle\database\jdbc\ojdbc8\21.5.0.0\ojdbc8-21.5.0.0.jar referenced one or more files that do not exist: file:/C:/Users/kirub/.m2/repository/com/oracle/database/jdbc/ojdbc8/21.5.0.0/oraclepki.jar
2023-05-07T17:23:05.661+0530 INFO Devtools property defaults active! Set 'spring.devtools.add-properties' to 'false' to disable
2023-05-07T17:23:05.661+0530 INFO For additional web related logging consider setting the 'logging.level.web' property to 'DEBUG'
2023-05-07T17:23:06.432+0530 INFO Bootstrapping Spring Data JPA repositories in DEFAULT mode.
2023-05-07T17:23:06.499+0530 INFO Finished Spring Data repository scanning in 57 ms. Found 2 JPA repository interfaces.
2023-05-07T17:23:07.067+0530 INFO Tomcat initialized with port(s): 9013 (http)
2023-05-07T17:23:07.073+0530 INFO Initializing ProtocolHandler ["http-nio-9013"]
2023-05-07T17:23:07.453+0530 INFO Starting service [Tomcat]
2023-05-07T17:23:07.453+0530 INFO Starting Servlet engine: [Apache Tomcat/9.0.73]
2023-05-07T17:23:07.532+0530 INFO Initializing Spring embedded WebApplicationContext
2023-05-07T17:23:07.533+0530 INFO Root WebApplicationContext: initialization completed in 1870 ms
2023-05-07T17:23:07.686+0530 INFO HHH000204: Processing PersistenceUnitInfo [name: default]
2023-05-07T17:23:07.725+0530 INFO HHH000412: Hibernate ORM core version 5.6.15.Final
2023-05-07T17:23:07.823+0530 INFO HCANN000001: Hibernate Commons Annotations {5.1.2.Final}
2023-05-07T17:23:07.890+0530 INFO HikariPool-1 - Starting...
2023-05-07T17:23:08.087+0530 INFO HikariPool-1 - Start completed.
2023-05-07T17:23:08.099+0530 INFO HHH000400: Using dialect: org.hibernate.dialect.OracleDialect
2023-05-07T17:23:08.107+0530 WARN HHH000063: The Oracle9Dialect dialect has been deprecated; use either Oracle9iDialect or Oracle10gDialect instead
2023-05-07T17:23:08.109+0530 WARN HHH000064: The OracleDialect dialect has been deprecated; use Oracle8iDialect instead
2023-05-07T17:23:09.014+0530 INFO HHH000490: Using JtaPlatform implementation: [org.hibernate.engine.transaction.jta.platform.internal.NoJtaPlatform]
2023-05-07T17:23:09.021+0530 INFO Initialized JPA EntityManagerFactory for persistence unit 'default'
2023-05-07T17:23:09.463+0530 WARN spring.jpa.open-in-view is enabled by default. Therefore, database queries may be performed during view rendering. Explicitly configure spring.jpa.open-in-view to disable this warning
2023-05-07T17:23:09.666+0530 INFO LiveReload server is running on port 35729
2023-05-07T17:23:09.810+0530 INFO Starting ProtocolHandler ["http-nio-9013"]
2023-05-07T17:23:09.825+0530 INFO Tomcat started on port(s): 9013 (http) with context path ''
2023-05-07T17:23:10.075+0530 INFO Started SpringbootCandidateRestApiApplication in 4.801 seconds (JVM running for 6.025)
2023-05-07T17:23:21.168+0530 INFO Application shutdown requested.
2023-05-07T17:23:21.365+0530 INFO Pausing ProtocolHandler ["http-nio-9013"]
2023-05-07T17:23:21.366+0530 INFO Stopping service [Tomcat]
2023-05-07T17:23:21.370+0530 INFO Stopping ProtocolHandler ["http-nio-9013"]
2023-05-07T17:23:21.378+0530 INFO Destroying ProtocolHandler ["http-nio-9013"]
2023-05-07T17:23:21.385+0530 INFO Closing JPA EntityManagerFactory for persistence unit 'default'
2023-05-07T17:23:21.388+0530 INFO HikariPool-1 - Shutdown initiated...
2023-05-07T17:23:21.397+0530 INFO HikariPool-1 - Shutdown completed.
